<testsuites name="jest tests" tests="5" failures="0" time="4.092">
  <testsuite name="undefined" errors="0" failures="0" skipped="0" timestamp="2020-06-19T23:50:56" time="4.092" tests="5">
    <testcase classname=" Testing for cycle length 1" name=" Testing for cycle length 1" time="0.165">
    </testcase>
    <testcase classname=" Testing for cycle length 2" name=" Testing for cycle length 2" time="0.124">
    </testcase>
    <testcase classname=" Testing for cycle length 3" name=" Testing for cycle length 3" time="0.177">
    </testcase>
    <testcase classname=" Testing for cycle length 7" name=" Testing for cycle length 7" time="0.354">
    </testcase>
    <testcase classname=" Testing for cycle length 31" name=" Testing for cycle length 31" time="0.539">
    </testcase>
  </testsuite>
</testsuites>